{
  message: '🛢   Database is connected successfully',
  level: 'info',
  service: 'user-service',
  label: 'CoU',
  timestamp: '2024-02-10T09:20:29.917Z'
}
{
  message: 'Application  listening on port 5000',
  level: 'info',
  service: 'user-service',
  label: 'CoU',
  timestamp: '2024-02-10T09:20:29.945Z'
}
{
  message: '🛢   Database is connected successfully',
  level: 'info',
  service: 'user-service',
  label: 'CoU',
  timestamp: '2024-02-10T09:32:55.880Z'
}
{
  message: 'Application  listening on port 5000',
  level: 'info',
  service: 'user-service',
  label: 'CoU',
  timestamp: '2024-02-10T09:32:55.909Z'
}
{
  message: '🛢   Database is connected successfully',
  level: 'info',
  service: 'user-service',
  label: 'CoU',
  timestamp: '2024-02-10T09:38:47.076Z'
}
{
  message: 'Application  listening on port 5000',
  level: 'info',
  service: 'user-service',
  label: 'CoU',
  timestamp: '2024-02-10T09:38:47.087Z'
}
{
  message: '🛢   Database is connected successfully',
  level: 'info',
  service: 'user-service',
  label: 'CoU',
  timestamp: '2024-02-10T09:40:45.749Z'
}
{
  message: 'Application  listening on port 5000',
  level: 'info',
  service: 'user-service',
  label: 'CoU',
  timestamp: '2024-02-10T09:40:45.792Z'
}
{
  message: '🛢   Database is connected successfully',
  level: 'info',
  service: 'user-service',
  label: 'CoU',
  timestamp: '2024-02-10T09:55:45.649Z'
}
{
  message: 'Application  listening on port 5000',
  level: 'info',
  service: 'user-service',
  label: 'CoU',
  timestamp: '2024-02-10T09:55:45.697Z'
}
{
  message: '🛢   Database is connected successfully',
  level: 'info',
  service: 'user-service',
  label: 'CoU',
  timestamp: '2024-02-10T09:57:35.732Z'
}
{
  message: 'Application  listening on port 5000',
  level: 'info',
  service: 'user-service',
  label: 'CoU',
  timestamp: '2024-02-10T09:57:35.763Z'
}
