{
  message: '🛢   Database is connected successfully',
  level: 'info',
  service: 'user-service',
  label: 'CoU',
  timestamp: '2024-01-04T13:11:27.660Z'
}
{
  message: 'Application  listening on port 5000',
  level: 'info',
  service: 'user-service',
  label: 'CoU',
  timestamp: '2024-01-04T13:11:27.722Z'
}
{
  message: '🛢   Database is connected successfully',
  level: 'info',
  service: 'user-service',
  label: 'CoU',
  timestamp: '2024-01-04T13:15:08.658Z'
}
{
  message: 'Application  listening on port 5000',
  level: 'info',
  service: 'user-service',
  label: 'CoU',
  timestamp: '2024-01-04T13:15:08.684Z'
}
{
  message: '🛢   Database is connected successfully',
  level: 'info',
  service: 'user-service',
  label: 'CoU',
  timestamp: '2024-01-04T13:16:44.613Z'
}
{
  message: 'Application  listening on port 5000',
  level: 'info',
  service: 'user-service',
  label: 'CoU',
  timestamp: '2024-01-04T13:16:44.629Z'
}
