{
  message: '🛢   Database is connected successfully',
  level: 'info',
  service: 'user-service',
  label: 'CoU',
  timestamp: '2023-08-26T03:30:24.523Z'
}
{
  message: 'Application  listening on port 5000',
  level: 'info',
  service: 'user-service',
  label: 'CoU',
  timestamp: '2023-08-26T03:30:24.541Z'
}
{
  message: '🛢   Database is connected successfully',
  level: 'info',
  service: 'user-service',
  label: 'CoU',
  timestamp: '2023-08-26T03:31:53.107Z'
}
{
  message: 'Application  listening on port 5000',
  level: 'info',
  service: 'user-service',
  label: 'CoU',
  timestamp: '2023-08-26T03:31:53.134Z'
}
{
  message: '🛢   Database is connected successfully',
  level: 'info',
  service: 'user-service',
  label: 'CoU',
  timestamp: '2023-08-26T03:41:45.377Z'
}
{
  message: 'Application  listening on port 5000',
  level: 'info',
  service: 'user-service',
  label: 'CoU',
  timestamp: '2023-08-26T03:41:45.391Z'
}
{
  message: '🛢   Database is connected successfully',
  level: 'info',
  service: 'user-service',
  label: 'CoU',
  timestamp: '2023-08-26T03:43:26.674Z'
}
{
  message: 'Application  listening on port 5000',
  level: 'info',
  service: 'user-service',
  label: 'CoU',
  timestamp: '2023-08-26T03:43:26.685Z'
}
{
  message: '🛢   Database is connected successfully',
  level: 'info',
  service: 'user-service',
  label: 'CoU',
  timestamp: '2023-08-26T03:45:36.555Z'
}
{
  message: 'Application  listening on port 5000',
  level: 'info',
  service: 'user-service',
  label: 'CoU',
  timestamp: '2023-08-26T03:45:36.579Z'
}
