{
  message: '🛢   Database is connected successfully',
  level: 'info',
  service: 'user-service',
  label: 'CoU',
  timestamp: '2023-08-24T11:55:47.114Z'
}
{
  message: 'Application  listening on port 5000',
  level: 'info',
  service: 'user-service',
  label: 'CoU',
  timestamp: '2023-08-24T11:55:47.154Z'
}
{
  message: '🛢   Database is connected successfully',
  level: 'info',
  service: 'user-service',
  label: 'CoU',
  timestamp: '2023-08-24T11:58:00.544Z'
}
{
  message: 'Application  listening on port 5000',
  level: 'info',
  service: 'user-service',
  label: 'CoU',
  timestamp: '2023-08-24T11:58:00.581Z'
}
{
  message: '🛢   Database is connected successfully',
  level: 'info',
  service: 'user-service',
  label: 'CoU',
  timestamp: '2023-08-24T11:59:47.751Z'
}
{
  message: 'Application  listening on port 5000',
  level: 'info',
  service: 'user-service',
  label: 'CoU',
  timestamp: '2023-08-24T11:59:47.776Z'
}
