{
  service: 'user-service',
  issues: [
    {
      code: 'invalid_type',
      expected: 'object',
      received: 'undefined',
      path: [ 'body', 'admin' ],
      message: 'Required'
    }
  ],
  addIssue: [Function (anonymous)],
  addIssues: [Function (anonymous)],
  name: 'ZodError',
  level: 'error',
  message: '🐱‍🏍 globalErrorHandler ~~ [\n' +
    '  {\n' +
    '    "code": "invalid_type",\n' +
    '    "expected": "object",\n' +
    '    "received": "undefined",\n' +
    '    "path": [\n' +
    '      "body",\n' +
    '      "admin"\n' +
    '    ],\n' +
    '    "message": "Required"\n' +
    '  }\n' +
    ']',
  stack: 'ZodError: [\n' +
    '  {\n' +
    '    "code": "invalid_type",\n' +
    '    "expected": "object",\n' +
    '    "received": "undefined",\n' +
    '    "path": [\n' +
    '      "body",\n' +
    '      "admin"\n' +
    '    ],\n' +
    '    "message": "Required"\n' +
    '  }\n' +
    ']\n' +
    '    at Object.get error [as error] (C:\\Users\\Admin\\Desktop\\CoU\\university-management-auth-service\\node_modules\\zod\\lib\\types.js:43:31)\n' +
    '    at ZodObject.parseAsync (C:\\Users\\Admin\\Desktop\\CoU\\university-management-auth-service\\node_modules\\zod\\lib\\types.js:165:22)\n' +
    '    at processTicksAndRejections (node:internal/process/task_queues:95:5)',
  label: 'CoU',
  timestamp: '2023-08-29T04:17:17.729Z'
}
{
  service: 'user-service',
  errors: {
    'name.lastName': ValidatorError: Path `lastName` is required.
        at validate (C:\Users\Admin\Desktop\CoU\university-management-auth-service\node_modules\mongoose\lib\schematype.js:1365:13)
        at SchemaString.SchemaType.doValidate (C:\Users\Admin\Desktop\CoU\university-management-auth-service\node_modules\mongoose\lib\schematype.js:1349:7)
        at C:\Users\Admin\Desktop\CoU\university-management-auth-service\node_modules\mongoose\lib\document.js:2947:18
        at processTicksAndRejections (node:internal/process/task_queues:77:11) {
      properties: {
        validator: [Function (anonymous)],
        message: 'Path `lastName` is required.',
        type: 'required',
        path: 'lastName',
        value: ''
      },
      kind: 'required',
      path: 'lastName',
      value: '',
      reason: undefined,
      [Symbol(mongoose:validatorError)]: true
    }
  },
  _message: 'Admin validation failed',
  level: 'error',
  message: '🐱‍🏍 globalErrorHandler ~~ Admin validation failed: name.lastName: Path `lastName` is required.',
  stack: 'ValidationError: Admin validation failed: name.lastName: Path `lastName` is required.\n' +
    '    at model.Document.invalidate (C:\\Users\\Admin\\Desktop\\CoU\\university-management-auth-service\\node_modules\\mongoose\\lib\\document.js:3162:32)\n' +
    '    at SingleNested.Subdocument.invalidate (C:\\Users\\Admin\\Desktop\\CoU\\university-management-auth-service\\node_modules\\mongoose\\lib\\types\\subdocument.js:229:12)\n' +
    '    at C:\\Users\\Admin\\Desktop\\CoU\\university-management-auth-service\\node_modules\\mongoose\\lib\\document.js:2955:17\n' +
    '    at C:\\Users\\Admin\\Desktop\\CoU\\university-management-auth-service\\node_modules\\mongoose\\lib\\schematype.js:1368:9\n' +
    '    at processTicksAndRejections (node:internal/process/task_queues:77:11)',
  label: 'CoU',
  timestamp: '2023-08-29T04:17:31.360Z'
}
