{
  service: 'user-service',
  issues: [
    {
      received: '04',
      code: 'invalid_enum_value',
      options: [ '01', '02', '03' ],
      path: [ 'body', 'code' ],
      message: "Invalid enum value. Expected '01' | '02' | '03', received '04'"
    }
  ],
  addIssue: [Function (anonymous)],
  addIssues: [Function (anonymous)],
  name: 'ZodError',
  level: 'error',
  message: '🐱‍🏍 globalErrorHandler ~~ [\n' +
    '  {\n' +
    '    "received": "04",\n' +
    '    "code": "invalid_enum_value",\n' +
    '    "options": [\n' +
    '      "01",\n' +
    '      "02",\n' +
    '      "03"\n' +
    '    ],\n' +
    '    "path": [\n' +
    '      "body",\n' +
    '      "code"\n' +
    '    ],\n' +
    `    "message": "Invalid enum value. Expected '01' | '02' | '03', received '04'"\n` +
    '  }\n' +
    ']',
  stack: 'ZodError: [\n' +
    '  {\n' +
    '    "received": "04",\n' +
    '    "code": "invalid_enum_value",\n' +
    '    "options": [\n' +
    '      "01",\n' +
    '      "02",\n' +
    '      "03"\n' +
    '    ],\n' +
    '    "path": [\n' +
    '      "body",\n' +
    '      "code"\n' +
    '    ],\n' +
    `    "message": "Invalid enum value. Expected '01' | '02' | '03', received '04'"\n` +
    '  }\n' +
    ']\n' +
    '    at Object.get error [as error] (C:\\Users\\Admin\\Desktop\\CoU\\university-management-auth-service\\node_modules\\zod\\lib\\types.js:43:31)\n' +
    '    at ZodObject.parseAsync (C:\\Users\\Admin\\Desktop\\CoU\\university-management-auth-service\\node_modules\\zod\\lib\\types.js:165:22)\n' +
    '    at processTicksAndRejections (node:internal/process/task_queues:95:5)',
  label: 'CoU',
  timestamp: '2023-08-25T18:39:41.670Z'
}
