{
  service: 'user-service',
  index: 0,
  code: 11000,
  keyPattern: { id: 1 },
  keyValue: { id: 'F-00001' },
  level: 'error',
  message: '🐱‍🏍 globalErrorHandler ~~ E11000 duplicate key error collection: CoU-management.faculties index: id_1 dup key: { id: "F-00001" }',
  stack: 'MongoServerError: E11000 duplicate key error collection: CoU-management.faculties index: id_1 dup key: { id: "F-00001" }\n' +
    '    at C:\\Users\\Admin\\Desktop\\CoU\\Information\\CoU-auth-service-info\\Code\\8. Lecture-15\\node_modules\\mongodb\\src\\operations\\insert.ts:85:25\n' +
    '    at C:\\Users\\Admin\\Desktop\\CoU\\Information\\CoU-auth-service-info\\Code\\8. Lecture-15\\node_modules\\mongodb\\src\\cmap\\connection_pool.ts:574:11\n' +
    '    at C:\\Users\\Admin\\Desktop\\CoU\\Information\\CoU-auth-service-info\\Code\\8. Lecture-15\\node_modules\\mongodb\\src\\sdam\\server.ts:384:13\n' +
    '    at handleOperationResult (C:\\Users\\Admin\\Desktop\\CoU\\Information\\CoU-auth-service-info\\Code\\8. Lecture-15\\node_modules\\mongodb\\src\\sdam\\server.ts:532:14)\n' +
    '    at Connection.onMessage (C:\\Users\\Admin\\Desktop\\CoU\\Information\\CoU-auth-service-info\\Code\\8. Lecture-15\\node_modules\\mongodb\\src\\cmap\\connection.ts:418:5)\n' +
    '    at MessageStream.<anonymous> (C:\\Users\\Admin\\Desktop\\CoU\\Information\\CoU-auth-service-info\\Code\\8. Lecture-15\\node_modules\\mongodb\\src\\cmap\\connection.ts:243:56)\n' +
    '    at MessageStream.emit (node:events:511:28)\n' +
    '    at processIncomingData (C:\\Users\\Admin\\Desktop\\CoU\\Information\\CoU-auth-service-info\\Code\\8. Lecture-15\\node_modules\\mongodb\\src\\cmap\\message_stream.ts:193:12)\n' +
    '    at MessageStream._write (C:\\Users\\Admin\\Desktop\\CoU\\Information\\CoU-auth-service-info\\Code\\8. Lecture-15\\node_modules\\mongodb\\src\\cmap\\message_stream.ts:74:5)\n' +
    '    at writeOrBuffer (node:internal/streams/writable:399:12)',
  label: 'CoU',
  timestamp: '2024-01-04T13:53:49.469Z',
  [Symbol(errorLabels)]: Set(0) {}
}
{
  service: 'user-service',
  index: 0,
  code: 11000,
  keyPattern: { id: 1 },
  keyValue: { id: 'F-00001' },
  level: 'error',
  message: '🐱‍🏍 globalErrorHandler ~~ E11000 duplicate key error collection: CoU-management.faculties index: id_1 dup key: { id: "F-00001" }',
  stack: 'MongoServerError: E11000 duplicate key error collection: CoU-management.faculties index: id_1 dup key: { id: "F-00001" }\n' +
    '    at C:\\Users\\Admin\\Desktop\\CoU\\Information\\CoU-auth-service-info\\Code\\8. Lecture-15\\node_modules\\mongodb\\src\\operations\\insert.ts:85:25\n' +
    '    at C:\\Users\\Admin\\Desktop\\CoU\\Information\\CoU-auth-service-info\\Code\\8. Lecture-15\\node_modules\\mongodb\\src\\cmap\\connection_pool.ts:574:11\n' +
    '    at C:\\Users\\Admin\\Desktop\\CoU\\Information\\CoU-auth-service-info\\Code\\8. Lecture-15\\node_modules\\mongodb\\src\\sdam\\server.ts:384:13\n' +
    '    at handleOperationResult (C:\\Users\\Admin\\Desktop\\CoU\\Information\\CoU-auth-service-info\\Code\\8. Lecture-15\\node_modules\\mongodb\\src\\sdam\\server.ts:532:14)\n' +
    '    at Connection.onMessage (C:\\Users\\Admin\\Desktop\\CoU\\Information\\CoU-auth-service-info\\Code\\8. Lecture-15\\node_modules\\mongodb\\src\\cmap\\connection.ts:418:5)\n' +
    '    at MessageStream.<anonymous> (C:\\Users\\Admin\\Desktop\\CoU\\Information\\CoU-auth-service-info\\Code\\8. Lecture-15\\node_modules\\mongodb\\src\\cmap\\connection.ts:243:56)\n' +
    '    at MessageStream.emit (node:events:511:28)\n' +
    '    at processIncomingData (C:\\Users\\Admin\\Desktop\\CoU\\Information\\CoU-auth-service-info\\Code\\8. Lecture-15\\node_modules\\mongodb\\src\\cmap\\message_stream.ts:193:12)\n' +
    '    at MessageStream._write (C:\\Users\\Admin\\Desktop\\CoU\\Information\\CoU-auth-service-info\\Code\\8. Lecture-15\\node_modules\\mongodb\\src\\cmap\\message_stream.ts:74:5)\n' +
    '    at writeOrBuffer (node:internal/streams/writable:399:12)',
  label: 'CoU',
  timestamp: '2024-01-04T13:54:56.019Z',
  [Symbol(errorLabels)]: Set(0) {}
}
{
  service: 'user-service',
  index: 0,
  code: 11000,
  keyPattern: { id: 1 },
  keyValue: { id: 'F-00001' },
  level: 'error',
  message: '🐱‍🏍 globalErrorHandler ~~ E11000 duplicate key error collection: CoU-management.faculties index: id_1 dup key: { id: "F-00001" }',
  stack: 'MongoServerError: E11000 duplicate key error collection: CoU-management.faculties index: id_1 dup key: { id: "F-00001" }\n' +
    '    at C:\\Users\\Admin\\Desktop\\CoU\\Information\\CoU-auth-service-info\\Code\\8. Lecture-15\\node_modules\\mongodb\\src\\operations\\insert.ts:85:25\n' +
    '    at C:\\Users\\Admin\\Desktop\\CoU\\Information\\CoU-auth-service-info\\Code\\8. Lecture-15\\node_modules\\mongodb\\src\\cmap\\connection_pool.ts:574:11\n' +
    '    at C:\\Users\\Admin\\Desktop\\CoU\\Information\\CoU-auth-service-info\\Code\\8. Lecture-15\\node_modules\\mongodb\\src\\sdam\\server.ts:384:13\n' +
    '    at handleOperationResult (C:\\Users\\Admin\\Desktop\\CoU\\Information\\CoU-auth-service-info\\Code\\8. Lecture-15\\node_modules\\mongodb\\src\\sdam\\server.ts:532:14)\n' +
    '    at Connection.onMessage (C:\\Users\\Admin\\Desktop\\CoU\\Information\\CoU-auth-service-info\\Code\\8. Lecture-15\\node_modules\\mongodb\\src\\cmap\\connection.ts:418:5)\n' +
    '    at MessageStream.<anonymous> (C:\\Users\\Admin\\Desktop\\CoU\\Information\\CoU-auth-service-info\\Code\\8. Lecture-15\\node_modules\\mongodb\\src\\cmap\\connection.ts:243:56)\n' +
    '    at MessageStream.emit (node:events:511:28)\n' +
    '    at processIncomingData (C:\\Users\\Admin\\Desktop\\CoU\\Information\\CoU-auth-service-info\\Code\\8. Lecture-15\\node_modules\\mongodb\\src\\cmap\\message_stream.ts:193:12)\n' +
    '    at MessageStream._write (C:\\Users\\Admin\\Desktop\\CoU\\Information\\CoU-auth-service-info\\Code\\8. Lecture-15\\node_modules\\mongodb\\src\\cmap\\message_stream.ts:74:5)\n' +
    '    at writeOrBuffer (node:internal/streams/writable:399:12)',
  label: 'CoU',
  timestamp: '2024-01-04T13:55:38.146Z',
  [Symbol(errorLabels)]: Set(0) {}
}
