{
  errors: {
    academicFaculty: ValidatorError: Path `academicFaculty` is required.
        at validate (C:\Users\Admin\Desktop\CoU\university-management-auth-service\university-management-auth-service\node_modules\mongoose\lib\schematype.js:1365:13)
        at ObjectId.SchemaType.doValidate (C:\Users\Admin\Desktop\CoU\university-management-auth-service\university-management-auth-service\node_modules\mongoose\lib\schematype.js:1349:7)
        at C:\Users\Admin\Desktop\CoU\university-management-auth-service\university-management-auth-service\node_modules\mongoose\lib\document.js:2947:18
        at processTicksAndRejections (node:internal/process/task_queues:77:11) {
      properties: {
        validator: [Function (anonymous)],
        message: 'Path `academicFaculty` is required.',
        type: 'required',
        path: 'academicFaculty',
        value: undefined
      },
      kind: 'required',
      path: 'academicFaculty',
      value: undefined,
      reason: undefined,
      [Symbol(mongoose:validatorError)]: true
    }
  },
  _message: 'AcademicDepartment validation failed',
  level: 'error',
  service: 'user-service',
  label: 'CoU',
  timestamp: '2024-02-12T13:35:16.383Z'
}
{
  index: 0,
  code: 11000,
  keyPattern: { title: 1 },
  keyValue: { title: 'LAW' },
  level: 'error',
  service: 'user-service',
  label: 'CoU',
  timestamp: '2024-02-12T13:56:11.468Z',
  [Symbol(errorLabels)]: Set(0) {}
}
