{
  service: 'user-service',
  statusCode: 403,
  level: 'error',
  message: '🐱‍🏍 globalErrorHandler ~~ Invalid Refresh Token',
  stack: 'Error: Invalid Refresh Token\n' +
    '    at C:\\Users\\Admin\\Desktop\\CoU\\Information\\CoU-auth-service-info\\Code\\8. Lecture-15\\src\\app\\modules\\auth\\auth.service.ts:63:11\n' +
    '    at Generator.next (<anonymous>)\n' +
    '    at C:\\Users\\Admin\\Desktop\\CoU\\Information\\CoU-auth-service-info\\Code\\8. Lecture-15\\src\\app\\modules\\auth\\auth.service.ts:8:71\n' +
    '    at new Promise (<anonymous>)\n' +
    '    at __awaiter (C:\\Users\\Admin\\Desktop\\CoU\\Information\\CoU-auth-service-info\\Code\\8. Lecture-15\\src\\app\\modules\\auth\\auth.service.ts:4:12)\n' +
    '    at Object.refreshToken (C:\\Users\\Admin\\Desktop\\CoU\\Information\\CoU-auth-service-info\\Code\\8. Lecture-15\\src\\app\\modules\\auth\\auth.service.ts:52:78)\n' +
    '    at C:\\Users\\Admin\\Desktop\\CoU\\Information\\CoU-auth-service-info\\Code\\8. Lecture-15\\src\\app\\modules\\auth\\auth.controller.ts:33:36\n' +
    '    at Generator.next (<anonymous>)\n' +
    '    at C:\\Users\\Admin\\Desktop\\CoU\\Information\\CoU-auth-service-info\\Code\\8. Lecture-15\\src\\app\\modules\\auth\\auth.controller.ts:8:71\n' +
    '    at new Promise (<anonymous>)',
  label: 'CoU',
  timestamp: '2024-01-05T05:07:29.333Z'
}
{
  service: 'user-service',
  index: 0,
  code: 11000,
  keyPattern: { email: 1 },
  keyValue: { email: 'rakib@gmail.com' },
  level: 'error',
  message: '🐱‍🏍 globalErrorHandler ~~ E11000 duplicate key error collection: CoU-management.students index: email_1 dup key: { email: "rakib@gmail.com" }',
  stack: 'MongoServerError: E11000 duplicate key error collection: CoU-management.students index: email_1 dup key: { email: "rakib@gmail.com" }\n' +
    '    at C:\\Users\\Admin\\Desktop\\CoU\\Information\\CoU-auth-service-info\\Code\\8. Lecture-15\\node_modules\\mongodb\\src\\operations\\insert.ts:85:25\n' +
    '    at C:\\Users\\Admin\\Desktop\\CoU\\Information\\CoU-auth-service-info\\Code\\8. Lecture-15\\node_modules\\mongodb\\src\\cmap\\connection_pool.ts:574:11\n' +
    '    at C:\\Users\\Admin\\Desktop\\CoU\\Information\\CoU-auth-service-info\\Code\\8. Lecture-15\\node_modules\\mongodb\\src\\sdam\\server.ts:384:13\n' +
    '    at handleOperationResult (C:\\Users\\Admin\\Desktop\\CoU\\Information\\CoU-auth-service-info\\Code\\8. Lecture-15\\node_modules\\mongodb\\src\\sdam\\server.ts:532:14)\n' +
    '    at Connection.onMessage (C:\\Users\\Admin\\Desktop\\CoU\\Information\\CoU-auth-service-info\\Code\\8. Lecture-15\\node_modules\\mongodb\\src\\cmap\\connection.ts:418:5)\n' +
    '    at MessageStream.<anonymous> (C:\\Users\\Admin\\Desktop\\CoU\\Information\\CoU-auth-service-info\\Code\\8. Lecture-15\\node_modules\\mongodb\\src\\cmap\\connection.ts:243:56)\n' +
    '    at MessageStream.emit (node:events:511:28)\n' +
    '    at processIncomingData (C:\\Users\\Admin\\Desktop\\CoU\\Information\\CoU-auth-service-info\\Code\\8. Lecture-15\\node_modules\\mongodb\\src\\cmap\\message_stream.ts:193:12)\n' +
    '    at MessageStream._write (C:\\Users\\Admin\\Desktop\\CoU\\Information\\CoU-auth-service-info\\Code\\8. Lecture-15\\node_modules\\mongodb\\src\\cmap\\message_stream.ts:74:5)\n' +
    '    at writeOrBuffer (node:internal/streams/writable:399:12)',
  label: 'CoU',
  timestamp: '2024-01-05T05:15:02.626Z',
  [Symbol(errorLabels)]: Set(0) {}
}
{
  service: 'user-service',
  stringValue: '"280100001"',
  messageFormat: undefined,
  kind: 'ObjectId',
  value: '280100001',
  path: '_id',
  reason: BSONError: Argument passed in must be a string of 12 bytes or a string of 24 hex characters or an integer
      at new ObjectId (C:\Users\Admin\Desktop\CoU\Information\CoU-auth-service-info\Code\8. Lecture-15\node_modules\bson\src\objectid.ts:88:15)
      at castObjectId (C:\Users\Admin\Desktop\CoU\Information\CoU-auth-service-info\Code\8. Lecture-15\node_modules\mongoose\lib\cast\objectid.js:25:12)
      at ObjectId.cast (C:\Users\Admin\Desktop\CoU\Information\CoU-auth-service-info\Code\8. Lecture-15\node_modules\mongoose\lib\schema\objectid.js:248:12)
      at ObjectId.SchemaType.applySetters (C:\Users\Admin\Desktop\CoU\Information\CoU-auth-service-info\Code\8. Lecture-15\node_modules\mongoose\lib\schematype.js:1220:12)
      at ObjectId.SchemaType.castForQuery (C:\Users\Admin\Desktop\CoU\Information\CoU-auth-service-info\Code\8. Lecture-15\node_modules\mongoose\lib\schematype.js:1632:15)
      at cast (C:\Users\Admin\Desktop\CoU\Information\CoU-auth-service-info\Code\8. Lecture-15\node_modules\mongoose\lib\cast.js:356:32)
      at model.Query.Query.cast (C:\Users\Admin\Desktop\CoU\Information\CoU-auth-service-info\Code\8. Lecture-15\node_modules\mongoose\lib\query.js:4900:12)
      at model.Query.Query._castConditions (C:\Users\Admin\Desktop\CoU\Information\CoU-auth-service-info\Code\8. Lecture-15\node_modules\mongoose\lib\query.js:2223:10)
      at model.Query._findOneAndDelete (C:\Users\Admin\Desktop\CoU\Information\CoU-auth-service-info\Code\8. Lecture-15\node_modules\mongoose\lib\query.js:3491:8)
      at model.Query.exec (C:\Users\Admin\Desktop\CoU\Information\CoU-auth-service-info\Code\8. Lecture-15\node_modules\mongoose\lib\query.js:4419:28),
  valueType: 'string',
  model: Model { Student },
  level: 'error',
  message: '🐱‍🏍 globalErrorHandler ~~ Cast to ObjectId failed for value "280100001" (type string) at path "_id" for model "Student"',
  stack: 'CastError: Cast to ObjectId failed for value "280100001" (type string) at path "_id" for model "Student"\n' +
    '    at ObjectId.cast (C:\\Users\\Admin\\Desktop\\CoU\\Information\\CoU-auth-service-info\\Code\\8. Lecture-15\\node_modules\\mongoose\\lib\\schema\\objectid.js:250:11)\n' +
    '    at ObjectId.SchemaType.applySetters (C:\\Users\\Admin\\Desktop\\CoU\\Information\\CoU-auth-service-info\\Code\\8. Lecture-15\\node_modules\\mongoose\\lib\\schematype.js:1220:12)\n' +
    '    at ObjectId.SchemaType.castForQuery (C:\\Users\\Admin\\Desktop\\CoU\\Information\\CoU-auth-service-info\\Code\\8. Lecture-15\\node_modules\\mongoose\\lib\\schematype.js:1632:15)\n' +
    '    at cast (C:\\Users\\Admin\\Desktop\\CoU\\Information\\CoU-auth-service-info\\Code\\8. Lecture-15\\node_modules\\mongoose\\lib\\cast.js:356:32)\n' +
    '    at model.Query.Query.cast (C:\\Users\\Admin\\Desktop\\CoU\\Information\\CoU-auth-service-info\\Code\\8. Lecture-15\\node_modules\\mongoose\\lib\\query.js:4900:12)\n' +
    '    at model.Query.Query._castConditions (C:\\Users\\Admin\\Desktop\\CoU\\Information\\CoU-auth-service-info\\Code\\8. Lecture-15\\node_modules\\mongoose\\lib\\query.js:2223:10)\n' +
    '    at model.Query._findOneAndDelete (C:\\Users\\Admin\\Desktop\\CoU\\Information\\CoU-auth-service-info\\Code\\8. Lecture-15\\node_modules\\mongoose\\lib\\query.js:3491:8)\n' +
    '    at model.Query.exec (C:\\Users\\Admin\\Desktop\\CoU\\Information\\CoU-auth-service-info\\Code\\8. Lecture-15\\node_modules\\mongoose\\lib\\query.js:4419:28)\n' +
    '    at processTicksAndRejections (node:internal/process/task_queues:95:5)',
  label: 'CoU',
  timestamp: '2024-01-05T05:21:42.147Z'
}
