{
  service: 'user-service',
  index: 0,
  code: 11000,
  keyPattern: { email: 1 },
  keyValue: { email: 'rakib@gmail.com' },
  level: 'error',
  message: '🐱‍🏍 globalErrorHandler ~~ E11000 duplicate key error collection: CoU-management.students index: email_1 dup key: { email: "rakib@gmail.com" }',
  stack: 'MongoServerError: E11000 duplicate key error collection: CoU-management.students index: email_1 dup key: { email: "rakib@gmail.com" }\n' +
    '    at C:\\Users\\Admin\\Desktop\\CoU\\Information\\CoU-auth-service-info\\Code\\8. Lecture-15\\node_modules\\mongodb\\src\\operations\\insert.ts:85:25\n' +
    '    at C:\\Users\\Admin\\Desktop\\CoU\\Information\\CoU-auth-service-info\\Code\\8. Lecture-15\\node_modules\\mongodb\\src\\cmap\\connection_pool.ts:574:11\n' +
    '    at C:\\Users\\Admin\\Desktop\\CoU\\Information\\CoU-auth-service-info\\Code\\8. Lecture-15\\node_modules\\mongodb\\src\\sdam\\server.ts:384:13\n' +
    '    at handleOperationResult (C:\\Users\\Admin\\Desktop\\CoU\\Information\\CoU-auth-service-info\\Code\\8. Lecture-15\\node_modules\\mongodb\\src\\sdam\\server.ts:532:14)\n' +
    '    at Connection.onMessage (C:\\Users\\Admin\\Desktop\\CoU\\Information\\CoU-auth-service-info\\Code\\8. Lecture-15\\node_modules\\mongodb\\src\\cmap\\connection.ts:418:5)\n' +
    '    at MessageStream.<anonymous> (C:\\Users\\Admin\\Desktop\\CoU\\Information\\CoU-auth-service-info\\Code\\8. Lecture-15\\node_modules\\mongodb\\src\\cmap\\connection.ts:243:56)\n' +
    '    at MessageStream.emit (node:events:511:28)\n' +
    '    at processIncomingData (C:\\Users\\Admin\\Desktop\\CoU\\Information\\CoU-auth-service-info\\Code\\8. Lecture-15\\node_modules\\mongodb\\src\\cmap\\message_stream.ts:193:12)\n' +
    '    at MessageStream._write (C:\\Users\\Admin\\Desktop\\CoU\\Information\\CoU-auth-service-info\\Code\\8. Lecture-15\\node_modules\\mongodb\\src\\cmap\\message_stream.ts:74:5)\n' +
    '    at writeOrBuffer (node:internal/streams/writable:399:12)',
  label: 'CoU',
  timestamp: '2024-01-06T04:00:24.201Z',
  [Symbol(errorLabels)]: Set(0) {}
}
{
  service: 'user-service',
  statusCode: 401,
  level: 'error',
  message: '🐱‍🏍 globalErrorHandler ~~ You are not authorized',
  stack: 'Error: You are not authorized\n' +
    '    at C:\\Users\\Admin\\Desktop\\CoU\\Information\\CoU-auth-service-info\\Code\\8. Lecture-15\\src\\app\\middlewares\\auth.ts:50:15\n' +
    '    at Generator.next (<anonymous>)\n' +
    '    at C:\\Users\\Admin\\Desktop\\CoU\\Information\\CoU-auth-service-info\\Code\\8. Lecture-15\\src\\app\\middlewares\\auth.ts:14:71\n' +
    '    at new Promise (<anonymous>)\n' +
    '    at __awaiter (C:\\Users\\Admin\\Desktop\\CoU\\Information\\CoU-auth-service-info\\Code\\8. Lecture-15\\src\\app\\middlewares\\auth.ts:10:12)\n' +
    '    at C:\\Users\\Admin\\Desktop\\CoU\\Information\\CoU-auth-service-info\\Code\\8. Lecture-15\\src\\app\\middlewares\\auth.ts:45:61\n' +
    '    at Layer.handle [as handle_request] (C:\\Users\\Admin\\Desktop\\CoU\\Information\\CoU-auth-service-info\\Code\\8. Lecture-15\\node_modules\\express\\lib\\router\\layer.js:95:5)\n' +
    '    at next (C:\\Users\\Admin\\Desktop\\CoU\\Information\\CoU-auth-service-info\\Code\\8. Lecture-15\\node_modules\\express\\lib\\router\\route.js:144:13)\n' +
    '    at C:\\Users\\Admin\\Desktop\\CoU\\Information\\CoU-auth-service-info\\Code\\8. Lecture-15\\src\\app\\middlewares\\validateRequest.ts:14:14\n' +
    '    at Generator.next (<anonymous>)',
  label: 'CoU',
  timestamp: '2024-01-06T04:03:03.652Z'
}
{
  service: 'user-service',
  statusCode: 404,
  level: 'error',
  message: '🐱‍🏍 globalErrorHandler ~~ User does not exist',
  stack: 'Error: User does not exist\n' +
    '    at C:\\Users\\Admin\\Desktop\\CoU\\Information\\CoU-auth-service-info\\Code\\8. Lecture-15\\src\\app\\modules\\auth\\auth.service.ts:109:11\n' +
    '    at Generator.next (<anonymous>)\n' +
    '    at fulfilled (C:\\Users\\Admin\\Desktop\\CoU\\Information\\CoU-auth-service-info\\Code\\8. Lecture-15\\src\\app\\modules\\auth\\auth.service.ts:5:58)\n' +
    '    at processTicksAndRejections (node:internal/process/task_queues:95:5)',
  label: 'CoU',
  timestamp: '2024-01-06T04:03:56.224Z'
}
{
  level: 'error',
  service: 'user-service',
  label: 'CoU',
  timestamp: '2024-01-06T04:05:09.319Z',
  [Symbol(errorLabels)]: Set(0) {}
}
{
  service: 'user-service',
  issues: [
    {
      code: 'invalid_type',
      expected: 'string',
      received: 'undefined',
      path: [ 'cookies', 'refreshToken' ],
      message: 'Refresh Token is required'
    }
  ],
  addIssue: [Function (anonymous)],
  addIssues: [Function (anonymous)],
  name: 'ZodError',
  level: 'error',
  message: '🐱‍🏍 globalErrorHandler ~~ [\n' +
    '  {\n' +
    '    "code": "invalid_type",\n' +
    '    "expected": "string",\n' +
    '    "received": "undefined",\n' +
    '    "path": [\n' +
    '      "cookies",\n' +
    '      "refreshToken"\n' +
    '    ],\n' +
    '    "message": "Refresh Token is required"\n' +
    '  }\n' +
    ']',
  stack: 'ZodError: [\n' +
    '  {\n' +
    '    "code": "invalid_type",\n' +
    '    "expected": "string",\n' +
    '    "received": "undefined",\n' +
    '    "path": [\n' +
    '      "cookies",\n' +
    '      "refreshToken"\n' +
    '    ],\n' +
    '    "message": "Refresh Token is required"\n' +
    '  }\n' +
    ']\n' +
    '    at Object.get error [as error] (C:\\Users\\Admin\\Desktop\\CoU\\Information\\CoU-auth-service-info\\Code\\8. Lecture-15\\node_modules\\zod\\lib\\types.js:43:31)\n' +
    '    at ZodObject.parseAsync (C:\\Users\\Admin\\Desktop\\CoU\\Information\\CoU-auth-service-info\\Code\\8. Lecture-15\\node_modules\\zod\\lib\\types.js:165:22)\n' +
    '    at processTicksAndRejections (node:internal/process/task_queues:95:5)',
  label: 'CoU',
  timestamp: '2024-01-06T04:07:31.454Z'
}
{
  service: 'user-service',
  issues: [
    {
      code: 'invalid_type',
      expected: 'string',
      received: 'undefined',
      path: [ 'cookies', 'refreshToken' ],
      message: 'Refresh Token is required'
    }
  ],
  addIssue: [Function (anonymous)],
  addIssues: [Function (anonymous)],
  name: 'ZodError',
  level: 'error',
  message: '🐱‍🏍 globalErrorHandler ~~ [\n' +
    '  {\n' +
    '    "code": "invalid_type",\n' +
    '    "expected": "string",\n' +
    '    "received": "undefined",\n' +
    '    "path": [\n' +
    '      "cookies",\n' +
    '      "refreshToken"\n' +
    '    ],\n' +
    '    "message": "Refresh Token is required"\n' +
    '  }\n' +
    ']',
  stack: 'ZodError: [\n' +
    '  {\n' +
    '    "code": "invalid_type",\n' +
    '    "expected": "string",\n' +
    '    "received": "undefined",\n' +
    '    "path": [\n' +
    '      "cookies",\n' +
    '      "refreshToken"\n' +
    '    ],\n' +
    '    "message": "Refresh Token is required"\n' +
    '  }\n' +
    ']\n' +
    '    at Object.get error [as error] (C:\\Users\\Admin\\Desktop\\CoU\\Information\\CoU-auth-service-info\\Code\\8. Lecture-15\\node_modules\\zod\\lib\\types.js:43:31)\n' +
    '    at ZodObject.parseAsync (C:\\Users\\Admin\\Desktop\\CoU\\Information\\CoU-auth-service-info\\Code\\8. Lecture-15\\node_modules\\zod\\lib\\types.js:165:22)\n' +
    '    at processTicksAndRejections (node:internal/process/task_queues:95:5)',
  label: 'CoU',
  timestamp: '2024-01-06T04:08:09.196Z'
}
{
  service: 'user-service',
  issues: [
    {
      code: 'invalid_type',
      expected: 'string',
      received: 'undefined',
      path: [ 'cookies', 'refreshToken' ],
      message: 'Refresh Token is required'
    }
  ],
  addIssue: [Function (anonymous)],
  addIssues: [Function (anonymous)],
  name: 'ZodError',
  level: 'error',
  message: '🐱‍🏍 globalErrorHandler ~~ [\n' +
    '  {\n' +
    '    "code": "invalid_type",\n' +
    '    "expected": "string",\n' +
    '    "received": "undefined",\n' +
    '    "path": [\n' +
    '      "cookies",\n' +
    '      "refreshToken"\n' +
    '    ],\n' +
    '    "message": "Refresh Token is required"\n' +
    '  }\n' +
    ']',
  stack: 'ZodError: [\n' +
    '  {\n' +
    '    "code": "invalid_type",\n' +
    '    "expected": "string",\n' +
    '    "received": "undefined",\n' +
    '    "path": [\n' +
    '      "cookies",\n' +
    '      "refreshToken"\n' +
    '    ],\n' +
    '    "message": "Refresh Token is required"\n' +
    '  }\n' +
    ']\n' +
    '    at Object.get error [as error] (C:\\Users\\Admin\\Desktop\\CoU\\Information\\CoU-auth-service-info\\Code\\8. Lecture-15\\node_modules\\zod\\lib\\types.js:43:31)\n' +
    '    at ZodObject.parseAsync (C:\\Users\\Admin\\Desktop\\CoU\\Information\\CoU-auth-service-info\\Code\\8. Lecture-15\\node_modules\\zod\\lib\\types.js:165:22)\n' +
    '    at processTicksAndRejections (node:internal/process/task_queues:95:5)',
  label: 'CoU',
  timestamp: '2024-01-06T04:08:46.679Z'
}
{
  service: 'user-service',
  issues: [
    {
      code: 'invalid_type',
      expected: 'string',
      received: 'undefined',
      path: [ 'cookies', 'refreshToken' ],
      message: 'Refresh Token is required'
    }
  ],
  addIssue: [Function (anonymous)],
  addIssues: [Function (anonymous)],
  name: 'ZodError',
  level: 'error',
  message: '🐱‍🏍 globalErrorHandler ~~ [\n' +
    '  {\n' +
    '    "code": "invalid_type",\n' +
    '    "expected": "string",\n' +
    '    "received": "undefined",\n' +
    '    "path": [\n' +
    '      "cookies",\n' +
    '      "refreshToken"\n' +
    '    ],\n' +
    '    "message": "Refresh Token is required"\n' +
    '  }\n' +
    ']',
  stack: 'ZodError: [\n' +
    '  {\n' +
    '    "code": "invalid_type",\n' +
    '    "expected": "string",\n' +
    '    "received": "undefined",\n' +
    '    "path": [\n' +
    '      "cookies",\n' +
    '      "refreshToken"\n' +
    '    ],\n' +
    '    "message": "Refresh Token is required"\n' +
    '  }\n' +
    ']\n' +
    '    at Object.get error [as error] (C:\\Users\\Admin\\Desktop\\CoU\\Information\\CoU-auth-service-info\\Code\\8. Lecture-15\\node_modules\\zod\\lib\\types.js:43:31)\n' +
    '    at ZodObject.parseAsync (C:\\Users\\Admin\\Desktop\\CoU\\Information\\CoU-auth-service-info\\Code\\8. Lecture-15\\node_modules\\zod\\lib\\types.js:165:22)\n' +
    '    at processTicksAndRejections (node:internal/process/task_queues:95:5)',
  label: 'CoU',
  timestamp: '2024-01-06T04:09:12.743Z'
}
{
  service: 'user-service',
  statusCode: 404,
  level: 'error',
  message: '🐱‍🏍 globalErrorHandler ~~ User does not exist',
  stack: 'Error: User does not exist\n' +
    '    at C:\\Users\\Admin\\Desktop\\CoU\\Information\\CoU-auth-service-info\\Code\\8. Lecture-15\\src\\app\\modules\\auth\\auth.service.ts:109:11\n' +
    '    at Generator.next (<anonymous>)\n' +
    '    at fulfilled (C:\\Users\\Admin\\Desktop\\CoU\\Information\\CoU-auth-service-info\\Code\\8. Lecture-15\\src\\app\\modules\\auth\\auth.service.ts:5:58)\n' +
    '    at processTicksAndRejections (node:internal/process/task_queues:95:5)',
  label: 'CoU',
  timestamp: '2024-01-06T04:09:28.520Z'
}
{
  service: 'user-service',
  issues: [
    {
      code: 'invalid_type',
      expected: 'string',
      received: 'undefined',
      path: [ 'cookies', 'refreshToken' ],
      message: 'Refresh Token is required'
    }
  ],
  addIssue: [Function (anonymous)],
  addIssues: [Function (anonymous)],
  name: 'ZodError',
  level: 'error',
  message: '🐱‍🏍 globalErrorHandler ~~ [\n' +
    '  {\n' +
    '    "code": "invalid_type",\n' +
    '    "expected": "string",\n' +
    '    "received": "undefined",\n' +
    '    "path": [\n' +
    '      "cookies",\n' +
    '      "refreshToken"\n' +
    '    ],\n' +
    '    "message": "Refresh Token is required"\n' +
    '  }\n' +
    ']',
  stack: 'ZodError: [\n' +
    '  {\n' +
    '    "code": "invalid_type",\n' +
    '    "expected": "string",\n' +
    '    "received": "undefined",\n' +
    '    "path": [\n' +
    '      "cookies",\n' +
    '      "refreshToken"\n' +
    '    ],\n' +
    '    "message": "Refresh Token is required"\n' +
    '  }\n' +
    ']\n' +
    '    at Object.get error [as error] (C:\\Users\\Admin\\Desktop\\CoU\\Information\\CoU-auth-service-info\\Code\\8. Lecture-15\\node_modules\\zod\\lib\\types.js:43:31)\n' +
    '    at ZodObject.parseAsync (C:\\Users\\Admin\\Desktop\\CoU\\Information\\CoU-auth-service-info\\Code\\8. Lecture-15\\node_modules\\zod\\lib\\types.js:165:22)\n' +
    '    at processTicksAndRejections (node:internal/process/task_queues:95:5)',
  label: 'CoU',
  timestamp: '2024-01-06T04:27:59.078Z'
}
{
  level: 'error',
  service: 'user-service',
  label: 'CoU',
  timestamp: '2024-01-06T04:28:10.671Z',
  [Symbol(errorLabels)]: Set(0) {}
}
{
  service: 'user-service',
  index: 0,
  code: 11000,
  keyPattern: { id: 1 },
  keyValue: { id: '280100001' },
  level: 'error',
  message: '🐱‍🏍 globalErrorHandler ~~ E11000 duplicate key error collection: CoU-management.students index: id_1 dup key: { id: "280100001" }',
  stack: 'MongoServerError: E11000 duplicate key error collection: CoU-management.students index: id_1 dup key: { id: "280100001" }\n' +
    '    at C:\\Users\\Admin\\Desktop\\CoU\\Information\\CoU-auth-service-info\\Code\\8. Lecture-15\\node_modules\\mongodb\\src\\operations\\insert.ts:85:25\n' +
    '    at C:\\Users\\Admin\\Desktop\\CoU\\Information\\CoU-auth-service-info\\Code\\8. Lecture-15\\node_modules\\mongodb\\src\\cmap\\connection_pool.ts:574:11\n' +
    '    at C:\\Users\\Admin\\Desktop\\CoU\\Information\\CoU-auth-service-info\\Code\\8. Lecture-15\\node_modules\\mongodb\\src\\sdam\\server.ts:384:13\n' +
    '    at handleOperationResult (C:\\Users\\Admin\\Desktop\\CoU\\Information\\CoU-auth-service-info\\Code\\8. Lecture-15\\node_modules\\mongodb\\src\\sdam\\server.ts:532:14)\n' +
    '    at Connection.onMessage (C:\\Users\\Admin\\Desktop\\CoU\\Information\\CoU-auth-service-info\\Code\\8. Lecture-15\\node_modules\\mongodb\\src\\cmap\\connection.ts:418:5)\n' +
    '    at MessageStream.<anonymous> (C:\\Users\\Admin\\Desktop\\CoU\\Information\\CoU-auth-service-info\\Code\\8. Lecture-15\\node_modules\\mongodb\\src\\cmap\\connection.ts:243:56)\n' +
    '    at MessageStream.emit (node:events:511:28)\n' +
    '    at processIncomingData (C:\\Users\\Admin\\Desktop\\CoU\\Information\\CoU-auth-service-info\\Code\\8. Lecture-15\\node_modules\\mongodb\\src\\cmap\\message_stream.ts:193:12)\n' +
    '    at MessageStream._write (C:\\Users\\Admin\\Desktop\\CoU\\Information\\CoU-auth-service-info\\Code\\8. Lecture-15\\node_modules\\mongodb\\src\\cmap\\message_stream.ts:74:5)\n' +
    '    at writeOrBuffer (node:internal/streams/writable:399:12)',
  label: 'CoU',
  timestamp: '2024-01-06T04:28:47.448Z',
  [Symbol(errorLabels)]: Set(0) {}
}
{
  level: 'error',
  service: 'user-service',
  label: 'CoU',
  timestamp: '2024-01-06T04:30:08.398Z',
  [Symbol(errorLabels)]: Set(0) {}
}
