{
  service: 'user-service',
  index: 0,
  code: 11000,
  keyPattern: { email: 1 },
  keyValue: { email: 'user@gmail.com' },
  level: 'error',
  message: '🐱‍🏍 globalErrorHandler ~~ E11000 duplicate key error collection: CoU-management.students index: email_1 dup key: { email: "user@gmail.com" }',
  stack: 'MongoServerError: E11000 duplicate key error collection: CoU-management.students index: email_1 dup key: { email: "user@gmail.com" }\n' +
    '    at C:\\Users\\Admin\\Desktop\\CoU\\university-management-auth-service\\node_modules\\mongodb\\src\\operations\\insert.ts:85:25\n' +
    '    at C:\\Users\\Admin\\Desktop\\CoU\\university-management-auth-service\\node_modules\\mongodb\\src\\cmap\\connection_pool.ts:574:11\n' +
    '    at C:\\Users\\Admin\\Desktop\\CoU\\university-management-auth-service\\node_modules\\mongodb\\src\\sdam\\server.ts:384:13\n' +
    '    at handleOperationResult (C:\\Users\\Admin\\Desktop\\CoU\\university-management-auth-service\\node_modules\\mongodb\\src\\sdam\\server.ts:532:14)\n' +
    '    at Connection.onMessage (C:\\Users\\Admin\\Desktop\\CoU\\university-management-auth-service\\node_modules\\mongodb\\src\\cmap\\connection.ts:418:5)\n' +
    '    at MessageStream.<anonymous> (C:\\Users\\Admin\\Desktop\\CoU\\university-management-auth-service\\node_modules\\mongodb\\src\\cmap\\connection.ts:243:56)\n' +
    '    at MessageStream.emit (node:events:512:28)\n' +
    '    at processIncomingData (C:\\Users\\Admin\\Desktop\\CoU\\university-management-auth-service\\node_modules\\mongodb\\src\\cmap\\message_stream.ts:193:12)\n' +
    '    at MessageStream._write (C:\\Users\\Admin\\Desktop\\CoU\\university-management-auth-service\\node_modules\\mongodb\\src\\cmap\\message_stream.ts:74:5)\n' +
    '    at writeOrBuffer (node:internal/streams/writable:392:12)',
  label: 'CoU',
  timestamp: '2023-08-29T05:03:08.903Z',
  [Symbol(errorLabels)]: Set(0) {}
}
{
  service: 'user-service',
  index: 0,
  code: 11000,
  keyPattern: { email: 1 },
  keyValue: { email: 'user@gmail.com' },
  level: 'error',
  message: '🐱‍🏍 globalErrorHandler ~~ E11000 duplicate key error collection: CoU-management.students index: email_1 dup key: { email: "user@gmail.com" }',
  stack: 'MongoServerError: E11000 duplicate key error collection: CoU-management.students index: email_1 dup key: { email: "user@gmail.com" }\n' +
    '    at C:\\Users\\Admin\\Desktop\\CoU\\university-management-auth-service\\node_modules\\mongodb\\src\\operations\\insert.ts:85:25\n' +
    '    at C:\\Users\\Admin\\Desktop\\CoU\\university-management-auth-service\\node_modules\\mongodb\\src\\cmap\\connection_pool.ts:574:11\n' +
    '    at C:\\Users\\Admin\\Desktop\\CoU\\university-management-auth-service\\node_modules\\mongodb\\src\\sdam\\server.ts:384:13\n' +
    '    at handleOperationResult (C:\\Users\\Admin\\Desktop\\CoU\\university-management-auth-service\\node_modules\\mongodb\\src\\sdam\\server.ts:532:14)\n' +
    '    at Connection.onMessage (C:\\Users\\Admin\\Desktop\\CoU\\university-management-auth-service\\node_modules\\mongodb\\src\\cmap\\connection.ts:418:5)\n' +
    '    at MessageStream.<anonymous> (C:\\Users\\Admin\\Desktop\\CoU\\university-management-auth-service\\node_modules\\mongodb\\src\\cmap\\connection.ts:243:56)\n' +
    '    at MessageStream.emit (node:events:512:28)\n' +
    '    at processIncomingData (C:\\Users\\Admin\\Desktop\\CoU\\university-management-auth-service\\node_modules\\mongodb\\src\\cmap\\message_stream.ts:193:12)\n' +
    '    at MessageStream._write (C:\\Users\\Admin\\Desktop\\CoU\\university-management-auth-service\\node_modules\\mongodb\\src\\cmap\\message_stream.ts:74:5)\n' +
    '    at writeOrBuffer (node:internal/streams/writable:392:12)',
  label: 'CoU',
  timestamp: '2023-08-29T05:03:39.524Z',
  [Symbol(errorLabels)]: Set(0) {}
}
{
  service: 'user-service',
  index: 0,
  code: 11000,
  keyPattern: { email: 1 },
  keyValue: { email: 'user@gmail.com' },
  level: 'error',
  message: '🐱‍🏍 globalErrorHandler ~~ E11000 duplicate key error collection: CoU-management.students index: email_1 dup key: { email: "user@gmail.com" }',
  stack: 'MongoServerError: E11000 duplicate key error collection: CoU-management.students index: email_1 dup key: { email: "user@gmail.com" }\n' +
    '    at C:\\Users\\Admin\\Desktop\\CoU\\university-management-auth-service\\node_modules\\mongodb\\src\\operations\\insert.ts:85:25\n' +
    '    at C:\\Users\\Admin\\Desktop\\CoU\\university-management-auth-service\\node_modules\\mongodb\\src\\cmap\\connection_pool.ts:574:11\n' +
    '    at C:\\Users\\Admin\\Desktop\\CoU\\university-management-auth-service\\node_modules\\mongodb\\src\\sdam\\server.ts:384:13\n' +
    '    at handleOperationResult (C:\\Users\\Admin\\Desktop\\CoU\\university-management-auth-service\\node_modules\\mongodb\\src\\sdam\\server.ts:532:14)\n' +
    '    at Connection.onMessage (C:\\Users\\Admin\\Desktop\\CoU\\university-management-auth-service\\node_modules\\mongodb\\src\\cmap\\connection.ts:418:5)\n' +
    '    at MessageStream.<anonymous> (C:\\Users\\Admin\\Desktop\\CoU\\university-management-auth-service\\node_modules\\mongodb\\src\\cmap\\connection.ts:243:56)\n' +
    '    at MessageStream.emit (node:events:512:28)\n' +
    '    at processIncomingData (C:\\Users\\Admin\\Desktop\\CoU\\university-management-auth-service\\node_modules\\mongodb\\src\\cmap\\message_stream.ts:193:12)\n' +
    '    at MessageStream._write (C:\\Users\\Admin\\Desktop\\CoU\\university-management-auth-service\\node_modules\\mongodb\\src\\cmap\\message_stream.ts:74:5)\n' +
    '    at writeOrBuffer (node:internal/streams/writable:392:12)',
  label: 'CoU',
  timestamp: '2023-08-29T05:04:30.823Z',
  [Symbol(errorLabels)]: Set(0) {}
}
{
  service: 'user-service',
  index: 0,
  code: 11000,
  keyPattern: { contactNo: 1 },
  keyValue: { contactNo: '01622525752' },
  level: 'error',
  message: '🐱‍🏍 globalErrorHandler ~~ E11000 duplicate key error collection: CoU-management.students index: contactNo_1 dup key: { contactNo: "01622525752" }',
  stack: 'MongoServerError: E11000 duplicate key error collection: CoU-management.students index: contactNo_1 dup key: { contactNo: "01622525752" }\n' +
    '    at C:\\Users\\Admin\\Desktop\\CoU\\university-management-auth-service\\node_modules\\mongodb\\src\\operations\\insert.ts:85:25\n' +
    '    at C:\\Users\\Admin\\Desktop\\CoU\\university-management-auth-service\\node_modules\\mongodb\\src\\cmap\\connection_pool.ts:574:11\n' +
    '    at C:\\Users\\Admin\\Desktop\\CoU\\university-management-auth-service\\node_modules\\mongodb\\src\\sdam\\server.ts:384:13\n' +
    '    at handleOperationResult (C:\\Users\\Admin\\Desktop\\CoU\\university-management-auth-service\\node_modules\\mongodb\\src\\sdam\\server.ts:532:14)\n' +
    '    at Connection.onMessage (C:\\Users\\Admin\\Desktop\\CoU\\university-management-auth-service\\node_modules\\mongodb\\src\\cmap\\connection.ts:418:5)\n' +
    '    at MessageStream.<anonymous> (C:\\Users\\Admin\\Desktop\\CoU\\university-management-auth-service\\node_modules\\mongodb\\src\\cmap\\connection.ts:243:56)\n' +
    '    at MessageStream.emit (node:events:512:28)\n' +
    '    at processIncomingData (C:\\Users\\Admin\\Desktop\\CoU\\university-management-auth-service\\node_modules\\mongodb\\src\\cmap\\message_stream.ts:193:12)\n' +
    '    at MessageStream._write (C:\\Users\\Admin\\Desktop\\CoU\\university-management-auth-service\\node_modules\\mongodb\\src\\cmap\\message_stream.ts:74:5)\n' +
    '    at writeOrBuffer (node:internal/streams/writable:392:12)',
  label: 'CoU',
  timestamp: '2023-08-29T05:04:45.380Z',
  [Symbol(errorLabels)]: Set(0) {}
}
