{
  service: 'user-service',
  statusCode: 401,
  level: 'error',
  message: '🐱‍🏍 globalErrorHandler ~~ You are not authorized',
  stack: 'Error: You are not authorized\n' +
    '    at C:\\Users\\Admin\\Desktop\\CoU\\university-management-auth-service\\src\\app\\middlewares\\auth.ts:15:15\n' +
    '    at Generator.next (<anonymous>)\n' +
    '    at C:\\Users\\Admin\\Desktop\\CoU\\university-management-auth-service\\src\\app\\middlewares\\auth.ts:8:71\n' +
    '    at new Promise (<anonymous>)\n' +
    '    at __awaiter (C:\\Users\\Admin\\Desktop\\CoU\\university-management-auth-service\\src\\app\\middlewares\\auth.ts:4:12)\n' +
    '    at C:\\Users\\Admin\\Desktop\\CoU\\university-management-auth-service\\src\\app\\middlewares\\auth.ts:10:61\n' +
    '    at Layer.handle [as handle_request] (C:\\Users\\Admin\\Desktop\\CoU\\university-management-auth-service\\node_modules\\express\\lib\\router\\layer.js:95:5)\n' +
    '    at next (C:\\Users\\Admin\\Desktop\\CoU\\university-management-auth-service\\node_modules\\express\\lib\\router\\route.js:144:13)\n' +
    '    at C:\\Users\\Admin\\Desktop\\CoU\\university-management-auth-service\\src\\app\\middlewares\\validateRequest.ts:14:14\n' +
    '    at Generator.next (<anonymous>)',
  label: 'CoU',
  timestamp: '2023-08-30T09:22:21.857Z'
}
{
  service: 'user-service',
  statusCode: 401,
  level: 'error',
  message: '🐱‍🏍 globalErrorHandler ~~ Old Password is incorrect',
  stack: 'Error: Old Password is incorrect\n' +
    '    at C:\\Users\\Admin\\Desktop\\CoU\\university-management-auth-service\\src\\app\\modules\\auth\\auth.service.ts:117:11\n' +
    '    at Generator.next (<anonymous>)\n' +
    '    at fulfilled (C:\\Users\\Admin\\Desktop\\CoU\\university-management-auth-service\\src\\app\\modules\\auth\\auth.service.ts:5:58)',
  label: 'CoU',
  timestamp: '2023-08-30T09:22:39.733Z'
}
