{
  service: 'user-service',
  statusCode: 403,
  level: 'error',
  message: '🐱‍🏍 globalErrorHandler ~~ Forbidden',
  stack: 'Error: Forbidden\n' +
    '    at C:\\Users\\Admin\\Desktop\\CoU\\university-management-auth-service\\src\\app\\middlewares\\auth.ts:26:15\n' +
    '    at Generator.next (<anonymous>)\n' +
    '    at C:\\Users\\Admin\\Desktop\\CoU\\university-management-auth-service\\src\\app\\middlewares\\auth.ts:8:71\n' +
    '    at new Promise (<anonymous>)\n' +
    '    at __awaiter (C:\\Users\\Admin\\Desktop\\CoU\\university-management-auth-service\\src\\app\\middlewares\\auth.ts:4:12)\n' +
    '    at C:\\Users\\Admin\\Desktop\\CoU\\university-management-auth-service\\src\\app\\middlewares\\auth.ts:10:61\n' +
    '    at Layer.handle [as handle_request] (C:\\Users\\Admin\\Desktop\\CoU\\university-management-auth-service\\node_modules\\express\\lib\\router\\layer.js:95:5)\n' +
    '    at next (C:\\Users\\Admin\\Desktop\\CoU\\university-management-auth-service\\node_modules\\express\\lib\\router\\route.js:144:13)\n' +
    '    at Route.dispatch (C:\\Users\\Admin\\Desktop\\CoU\\university-management-auth-service\\node_modules\\express\\lib\\router\\route.js:114:3)\n' +
    '    at Layer.handle [as handle_request] (C:\\Users\\Admin\\Desktop\\CoU\\university-management-auth-service\\node_modules\\express\\lib\\router\\layer.js:95:5)',
  label: 'CoU',
  timestamp: '2023-08-30T04:25:55.545Z'
}
{
  service: 'user-service',
  statusCode: 403,
  level: 'error',
  message: '🐱‍🏍 globalErrorHandler ~~ Forbidden',
  stack: 'Error: Forbidden\n' +
    '    at C:\\Users\\Admin\\Desktop\\CoU\\university-management-auth-service\\src\\app\\middlewares\\auth.ts:26:15\n' +
    '    at Generator.next (<anonymous>)\n' +
    '    at C:\\Users\\Admin\\Desktop\\CoU\\university-management-auth-service\\src\\app\\middlewares\\auth.ts:8:71\n' +
    '    at new Promise (<anonymous>)\n' +
    '    at __awaiter (C:\\Users\\Admin\\Desktop\\CoU\\university-management-auth-service\\src\\app\\middlewares\\auth.ts:4:12)\n' +
    '    at C:\\Users\\Admin\\Desktop\\CoU\\university-management-auth-service\\src\\app\\middlewares\\auth.ts:10:61\n' +
    '    at Layer.handle [as handle_request] (C:\\Users\\Admin\\Desktop\\CoU\\university-management-auth-service\\node_modules\\express\\lib\\router\\layer.js:95:5)\n' +
    '    at next (C:\\Users\\Admin\\Desktop\\CoU\\university-management-auth-service\\node_modules\\express\\lib\\router\\route.js:144:13)\n' +
    '    at Route.dispatch (C:\\Users\\Admin\\Desktop\\CoU\\university-management-auth-service\\node_modules\\express\\lib\\router\\route.js:114:3)\n' +
    '    at Layer.handle [as handle_request] (C:\\Users\\Admin\\Desktop\\CoU\\university-management-auth-service\\node_modules\\express\\lib\\router\\layer.js:95:5)',
  label: 'CoU',
  timestamp: '2023-08-30T04:26:09.591Z'
}
