{
  service: 'user-service',
  issues: [
    {
      code: 'invalid_type',
      expected: 'string',
      received: 'undefined',
      path: [ 'body', 'oldPassword' ],
      message: 'Old password  is required'
    },
    {
      code: 'invalid_type',
      expected: 'string',
      received: 'undefined',
      path: [ 'body', 'newPassword' ],
      message: 'New password  is required'
    }
  ],
  addIssue: [Function (anonymous)],
  addIssues: [Function (anonymous)],
  name: 'ZodError',
  level: 'error',
  message: '🐱‍🏍 globalErrorHandler ~~ [\n' +
    '  {\n' +
    '    "code": "invalid_type",\n' +
    '    "expected": "string",\n' +
    '    "received": "undefined",\n' +
    '    "path": [\n' +
    '      "body",\n' +
    '      "oldPassword"\n' +
    '    ],\n' +
    '    "message": "Old password  is required"\n' +
    '  },\n' +
    '  {\n' +
    '    "code": "invalid_type",\n' +
    '    "expected": "string",\n' +
    '    "received": "undefined",\n' +
    '    "path": [\n' +
    '      "body",\n' +
    '      "newPassword"\n' +
    '    ],\n' +
    '    "message": "New password  is required"\n' +
    '  }\n' +
    ']',
  stack: 'ZodError: [\n' +
    '  {\n' +
    '    "code": "invalid_type",\n' +
    '    "expected": "string",\n' +
    '    "received": "undefined",\n' +
    '    "path": [\n' +
    '      "body",\n' +
    '      "oldPassword"\n' +
    '    ],\n' +
    '    "message": "Old password  is required"\n' +
    '  },\n' +
    '  {\n' +
    '    "code": "invalid_type",\n' +
    '    "expected": "string",\n' +
    '    "received": "undefined",\n' +
    '    "path": [\n' +
    '      "body",\n' +
    '      "newPassword"\n' +
    '    ],\n' +
    '    "message": "New password  is required"\n' +
    '  }\n' +
    ']\n' +
    '    at Object.get error [as error] (C:\\Users\\Admin\\Desktop\\CoU\\university-management-auth-service\\node_modules\\zod\\lib\\types.js:43:31)\n' +
    '    at ZodObject.parseAsync (C:\\Users\\Admin\\Desktop\\CoU\\university-management-auth-service\\node_modules\\zod\\lib\\types.js:165:22)',
  label: 'CoU',
  timestamp: '2023-08-30T05:35:25.056Z'
}
{
  service: 'user-service',
  expose: true,
  statusCode: 400,
  status: 400,
  body: '{\r\n    "oldPassword":"123456",\r\n    "newPassword:"12345678"\r\n}',
  type: 'entity.parse.failed',
  level: 'error',
  message: '🐱‍🏍 globalErrorHandler ~~ Unexpected number in JSON at position 50',
  stack: 'SyntaxError: Unexpected number in JSON at position 50\n' +
    '    at JSON.parse (<anonymous>)\n' +
    '    at parse (C:\\Users\\Admin\\Desktop\\CoU\\university-management-auth-service\\node_modules\\body-parser\\lib\\types\\json.js:89:19)\n' +
    '    at C:\\Users\\Admin\\Desktop\\CoU\\university-management-auth-service\\node_modules\\body-parser\\lib\\read.js:128:18\n' +
    '    at AsyncResource.runInAsyncScope (node:async_hooks:203:9)\n' +
    '    at invokeCallback (C:\\Users\\Admin\\Desktop\\CoU\\university-management-auth-service\\node_modules\\raw-body\\index.js:231:16)\n' +
    '    at done (C:\\Users\\Admin\\Desktop\\CoU\\university-management-auth-service\\node_modules\\raw-body\\index.js:220:7)\n' +
    '    at IncomingMessage.onEnd (C:\\Users\\Admin\\Desktop\\CoU\\university-management-auth-service\\node_modules\\raw-body\\index.js:280:7)\n' +
    '    at IncomingMessage.emit (node:events:512:28)\n' +
    '    at endReadableNT (node:internal/streams/readable:1359:12)\n' +
    '    at processTicksAndRejections (node:internal/process/task_queues:82:21)',
  label: 'CoU',
  timestamp: '2023-08-30T05:35:34.132Z'
}
{
  service: 'user-service',
  statusCode: 401,
  level: 'error',
  message: '🐱‍🏍 globalErrorHandler ~~ You are not authorized',
  stack: 'Error: You are not authorized\n' +
    '    at C:\\Users\\Admin\\Desktop\\CoU\\university-management-auth-service\\src\\app\\middlewares\\auth.ts:15:15\n' +
    '    at Generator.next (<anonymous>)\n' +
    '    at C:\\Users\\Admin\\Desktop\\CoU\\university-management-auth-service\\src\\app\\middlewares\\auth.ts:8:71\n' +
    '    at new Promise (<anonymous>)\n' +
    '    at __awaiter (C:\\Users\\Admin\\Desktop\\CoU\\university-management-auth-service\\src\\app\\middlewares\\auth.ts:4:12)\n' +
    '    at C:\\Users\\Admin\\Desktop\\CoU\\university-management-auth-service\\src\\app\\middlewares\\auth.ts:10:61\n' +
    '    at Layer.handle [as handle_request] (C:\\Users\\Admin\\Desktop\\CoU\\university-management-auth-service\\node_modules\\express\\lib\\router\\layer.js:95:5)\n' +
    '    at next (C:\\Users\\Admin\\Desktop\\CoU\\university-management-auth-service\\node_modules\\express\\lib\\router\\route.js:144:13)\n' +
    '    at C:\\Users\\Admin\\Desktop\\CoU\\university-management-auth-service\\src\\app\\middlewares\\validateRequest.ts:14:14\n' +
    '    at Generator.next (<anonymous>)',
  label: 'CoU',
  timestamp: '2023-08-30T05:35:58.270Z'
}
